d:\obs\build5\plugins\win-wasapi\win-wasapi.dir\debug\vc120.pdb
d:\obs\build5\plugins\win-wasapi\win-wasapi.dir\debug\plugin-main.obj
d:\obs\build5\plugins\win-wasapi\win-wasapi.dir\debug\enum-wasapi.obj
d:\obs\build5\plugins\win-wasapi\win-wasapi.dir\debug\win-wasapi.obj
d:\obs\build5\plugins\win-wasapi\cmakefiles\generate.stamp
d:\obs\build5\plugins\win-wasapi\debug\win-wasapi.ilk
d:\obs\build5\plugins\win-wasapi\debug\win-wasapi.dll
d:\obs\build5\plugins\win-wasapi\debug\win-wasapi.pdb
d:\obs\build5\plugins\win-wasapi\debug\win-wasapi.lib
d:\obs\build5\plugins\win-wasapi\debug\win-wasapi.exp
d:\obs\build5\plugins\win-wasapi\win-wasapi.dir\debug\win-wasapi.tlog\cl.command.1.tlog
d:\obs\build5\plugins\win-wasapi\win-wasapi.dir\debug\win-wasapi.tlog\cl.read.1.tlog
d:\obs\build5\plugins\win-wasapi\win-wasapi.dir\debug\win-wasapi.tlog\cl.write.1.tlog
d:\obs\build5\plugins\win-wasapi\win-wasapi.dir\debug\win-wasapi.tlog\custombuild.command.1.tlog
d:\obs\build5\plugins\win-wasapi\win-wasapi.dir\debug\win-wasapi.tlog\custombuild.read.1.tlog
d:\obs\build5\plugins\win-wasapi\win-wasapi.dir\debug\win-wasapi.tlog\custombuild.write.1.tlog
d:\obs\build5\plugins\win-wasapi\win-wasapi.dir\debug\win-wasapi.tlog\link.command.1.tlog
d:\obs\build5\plugins\win-wasapi\win-wasapi.dir\debug\win-wasapi.tlog\link.read.1.tlog
d:\obs\build5\plugins\win-wasapi\win-wasapi.dir\debug\win-wasapi.tlog\link.write.1.tlog
d:\obs\build5\plugins\win-wasapi\win-wasapi.dir\debug\win-wasapi.tlog\win-wasapi.write.1u.tlog
