d:\obs\build5\plugins\obs-ffmpeg\obs-ffmpeg.dir\debug\vc120.pdb
d:\obs\build5\plugins\obs-ffmpeg\obs-ffmpeg.dir\debug\obs-ffmpeg-output.obj
d:\obs\build5\plugins\obs-ffmpeg\obs-ffmpeg.dir\debug\obs-ffmpeg-aac.obj
d:\obs\build5\plugins\obs-ffmpeg\obs-ffmpeg.dir\debug\obs-ffmpeg.obj
d:\obs\build5\plugins\obs-ffmpeg\cmakefiles\generate.stamp
d:\obs\build5\plugins\obs-ffmpeg\debug\obs-ffmpeg.ilk
d:\obs\build5\plugins\obs-ffmpeg\debug\obs-ffmpeg.dll
d:\obs\build5\plugins\obs-ffmpeg\debug\obs-ffmpeg.pdb
d:\obs\build5\plugins\obs-ffmpeg\debug\obs-ffmpeg.lib
d:\obs\build5\plugins\obs-ffmpeg\debug\obs-ffmpeg.exp
d:\obs\build5\plugins\obs-ffmpeg\obs-ffmpeg.dir\debug\obs-ffmpeg.tlog\cl.command.1.tlog
d:\obs\build5\plugins\obs-ffmpeg\obs-ffmpeg.dir\debug\obs-ffmpeg.tlog\cl.read.1.tlog
d:\obs\build5\plugins\obs-ffmpeg\obs-ffmpeg.dir\debug\obs-ffmpeg.tlog\cl.write.1.tlog
d:\obs\build5\plugins\obs-ffmpeg\obs-ffmpeg.dir\debug\obs-ffmpeg.tlog\custombuild.command.1.tlog
d:\obs\build5\plugins\obs-ffmpeg\obs-ffmpeg.dir\debug\obs-ffmpeg.tlog\custombuild.read.1.tlog
d:\obs\build5\plugins\obs-ffmpeg\obs-ffmpeg.dir\debug\obs-ffmpeg.tlog\custombuild.write.1.tlog
d:\obs\build5\plugins\obs-ffmpeg\obs-ffmpeg.dir\debug\obs-ffmpeg.tlog\link.command.1.tlog
d:\obs\build5\plugins\obs-ffmpeg\obs-ffmpeg.dir\debug\obs-ffmpeg.tlog\link.read.1.tlog
d:\obs\build5\plugins\obs-ffmpeg\obs-ffmpeg.dir\debug\obs-ffmpeg.tlog\link.write.1.tlog
d:\obs\build5\plugins\obs-ffmpeg\obs-ffmpeg.dir\debug\obs-ffmpeg.tlog\obs-ffmpeg.write.1u.tlog
