d:\obs\build5\plugins\win-capture\win-capture.dir\debug\vc120.pdb
d:\obs\build5\plugins\win-capture\win-capture.dir\debug\plugin-main.obj
d:\obs\build5\plugins\win-capture\win-capture.dir\debug\window-capture.obj
d:\obs\build5\plugins\win-capture\win-capture.dir\debug\monitor-capture.obj
d:\obs\build5\plugins\win-capture\win-capture.dir\debug\window-helpers.obj
d:\obs\build5\plugins\win-capture\win-capture.dir\debug\dc-capture.obj
d:\obs\build5\plugins\win-capture\cmakefiles\generate.stamp
d:\obs\build5\plugins\win-capture\debug\win-capture.ilk
d:\obs\build5\plugins\win-capture\debug\win-capture.dll
d:\obs\build5\plugins\win-capture\debug\win-capture.pdb
d:\obs\build5\plugins\win-capture\debug\win-capture.lib
d:\obs\build5\plugins\win-capture\debug\win-capture.exp
d:\obs\build5\plugins\win-capture\win-capture.dir\debug\win-capture.tlog\cl.command.1.tlog
d:\obs\build5\plugins\win-capture\win-capture.dir\debug\win-capture.tlog\cl.read.1.tlog
d:\obs\build5\plugins\win-capture\win-capture.dir\debug\win-capture.tlog\cl.write.1.tlog
d:\obs\build5\plugins\win-capture\win-capture.dir\debug\win-capture.tlog\custombuild.command.1.tlog
d:\obs\build5\plugins\win-capture\win-capture.dir\debug\win-capture.tlog\custombuild.read.1.tlog
d:\obs\build5\plugins\win-capture\win-capture.dir\debug\win-capture.tlog\custombuild.write.1.tlog
d:\obs\build5\plugins\win-capture\win-capture.dir\debug\win-capture.tlog\link.command.1.tlog
d:\obs\build5\plugins\win-capture\win-capture.dir\debug\win-capture.tlog\link.read.1.tlog
d:\obs\build5\plugins\win-capture\win-capture.dir\debug\win-capture.tlog\link.write.1.tlog
d:\obs\build5\plugins\win-capture\win-capture.dir\debug\win-capture.tlog\win-capture.write.1u.tlog
