d:\obs\build5\libobs-d3d11\libobs-d3d11.dir\debug\vc120.pdb
d:\obs\build5\libobs-d3d11\libobs-d3d11.dir\debug\d3d11-zstencilbuffer.obj
d:\obs\build5\libobs-d3d11\libobs-d3d11.dir\debug\d3d11-vertexbuffer.obj
d:\obs\build5\libobs-d3d11\libobs-d3d11.dir\debug\d3d11-texture2d.obj
d:\obs\build5\libobs-d3d11\libobs-d3d11.dir\debug\d3d11-subsystem.obj
d:\obs\build5\libobs-d3d11\libobs-d3d11.dir\debug\d3d11-stagesurf.obj
d:\obs\build5\libobs-d3d11\libobs-d3d11.dir\debug\d3d11-shaderprocessor.obj
d:\obs\build5\libobs-d3d11\libobs-d3d11.dir\debug\d3d11-shader.obj
d:\obs\build5\libobs-d3d11\libobs-d3d11.dir\debug\d3d11-samplerstate.obj
d:\obs\build5\libobs-d3d11\libobs-d3d11.dir\debug\d3d11-indexbuffer.obj
d:\obs\build5\libobs-d3d11\cmakefiles\generate.stamp
d:\obs\build5\libobs-d3d11\debug\libobs-d3d11.lib
d:\obs\build5\libobs-d3d11\debug\libobs-d3d11.exp
d:\obs\build5\libobs-d3d11\debug\libobs-d3d11.ilk
d:\obs\build5\libobs-d3d11\debug\libobs-d3d11.dll
d:\obs\build5\libobs-d3d11\debug\libobs-d3d11.pdb
d:\obs\build5\libobs-d3d11\libobs-d3d11.dir\debug\libobs-d3d11.tlog\cl.command.1.tlog
d:\obs\build5\libobs-d3d11\libobs-d3d11.dir\debug\libobs-d3d11.tlog\cl.read.1.tlog
d:\obs\build5\libobs-d3d11\libobs-d3d11.dir\debug\libobs-d3d11.tlog\cl.write.1.tlog
d:\obs\build5\libobs-d3d11\libobs-d3d11.dir\debug\libobs-d3d11.tlog\custombuild.command.1.tlog
d:\obs\build5\libobs-d3d11\libobs-d3d11.dir\debug\libobs-d3d11.tlog\custombuild.read.1.tlog
d:\obs\build5\libobs-d3d11\libobs-d3d11.dir\debug\libobs-d3d11.tlog\custombuild.write.1.tlog
d:\obs\build5\libobs-d3d11\libobs-d3d11.dir\debug\libobs-d3d11.tlog\libobs-d3d11.write.1u.tlog
d:\obs\build5\libobs-d3d11\libobs-d3d11.dir\debug\libobs-d3d11.tlog\link.command.1.tlog
d:\obs\build5\libobs-d3d11\libobs-d3d11.dir\debug\libobs-d3d11.tlog\link.read.1.tlog
d:\obs\build5\libobs-d3d11\libobs-d3d11.dir\debug\libobs-d3d11.tlog\link.write.1.tlog
