d:\obs\build5\plugins\obs-outputs\obs-outputs.dir\debug\vc120.pdb
d:\obs\build5\plugins\obs-outputs\obs-outputs.dir\debug\rtmp.obj
d:\obs\build5\plugins\obs-outputs\obs-outputs.dir\debug\parseurl.obj
d:\obs\build5\plugins\obs-outputs\obs-outputs.dir\debug\md5.obj
d:\obs\build5\plugins\obs-outputs\obs-outputs.dir\debug\log.obj
d:\obs\build5\plugins\obs-outputs\obs-outputs.dir\debug\hashswf.obj
d:\obs\build5\plugins\obs-outputs\obs-outputs.dir\debug\cencode.obj
d:\obs\build5\plugins\obs-outputs\obs-outputs.dir\debug\amf.obj
d:\obs\build5\plugins\obs-outputs\obs-outputs.dir\debug\flv-mux.obj
d:\obs\build5\plugins\obs-outputs\obs-outputs.dir\debug\flv-output.obj
d:\obs\build5\plugins\obs-outputs\obs-outputs.dir\debug\rtmp-stream.obj
d:\obs\build5\plugins\obs-outputs\obs-outputs.dir\debug\obs-outputs.obj
d:\obs\build5\plugins\obs-outputs\cmakefiles\generate.stamp
d:\obs\build5\plugins\obs-outputs\debug\obs-outputs.ilk
d:\obs\build5\plugins\obs-outputs\debug\obs-outputs.dll
d:\obs\build5\plugins\obs-outputs\debug\obs-outputs.pdb
d:\obs\build5\plugins\obs-outputs\debug\obs-outputs.lib
d:\obs\build5\plugins\obs-outputs\debug\obs-outputs.exp
d:\obs\build5\plugins\obs-outputs\obs-outputs.dir\debug\obs-outputs.tlog\cl.command.1.tlog
d:\obs\build5\plugins\obs-outputs\obs-outputs.dir\debug\obs-outputs.tlog\cl.read.1.tlog
d:\obs\build5\plugins\obs-outputs\obs-outputs.dir\debug\obs-outputs.tlog\cl.write.1.tlog
d:\obs\build5\plugins\obs-outputs\obs-outputs.dir\debug\obs-outputs.tlog\custombuild.command.1.tlog
d:\obs\build5\plugins\obs-outputs\obs-outputs.dir\debug\obs-outputs.tlog\custombuild.read.1.tlog
d:\obs\build5\plugins\obs-outputs\obs-outputs.dir\debug\obs-outputs.tlog\custombuild.write.1.tlog
d:\obs\build5\plugins\obs-outputs\obs-outputs.dir\debug\obs-outputs.tlog\link.command.1.tlog
d:\obs\build5\plugins\obs-outputs\obs-outputs.dir\debug\obs-outputs.tlog\link.read.1.tlog
d:\obs\build5\plugins\obs-outputs\obs-outputs.dir\debug\obs-outputs.tlog\link.write.1.tlog
d:\obs\build5\plugins\obs-outputs\obs-outputs.dir\debug\obs-outputs.tlog\obs-outputs.write.1u.tlog
