d:\obs\build5\libobs\libobs.dir\debug\vc120.pdb
d:\obs\build5\libobs\libobs.dir\debug\math-extra.obj
d:\obs\build5\libobs\libobs.dir\debug\effect.obj
d:\obs\build5\libobs\libobs.dir\debug\plane.obj
d:\obs\build5\libobs\libobs.dir\debug\shader-parser.obj
d:\obs\build5\libobs\libobs.dir\debug\graphics.obj
d:\obs\build5\libobs\libobs.dir\debug\vec3.obj
d:\obs\build5\libobs\libobs.dir\debug\matrix4.obj
d:\obs\build5\libobs\libobs.dir\debug\matrix3.obj
d:\obs\build5\libobs\libobs.dir\debug\bounds.obj
d:\obs\build5\libobs\libobs.dir\debug\texture-render.obj
d:\obs\build5\libobs\libobs.dir\debug\vec2.obj
d:\obs\build5\libobs\libobs.dir\debug\vec4.obj
d:\obs\build5\libobs\libobs.dir\debug\axisang.obj
d:\obs\build5\libobs\libobs.dir\debug\effect-parser.obj
d:\obs\build5\libobs\libobs.dir\debug\quat.obj
d:\obs\build5\libobs\libobs.dir\debug\graphics-ffmpeg.obj
d:\obs\build5\libobs\libobs.dir\debug\proc.obj
d:\obs\build5\libobs\libobs.dir\debug\signal.obj
d:\obs\build5\libobs\libobs.dir\debug\decl.obj
d:\obs\build5\libobs\libobs.dir\debug\calldata.obj
d:\obs\build5\libobs\libobs.dir\debug\text-lookup.obj
d:\obs\build5\libobs\libobs.dir\debug\utf8.obj
d:\obs\build5\libobs\libobs.dir\debug\dstr.obj
d:\obs\build5\libobs\libobs.dir\debug\lexer.obj
d:\obs\build5\libobs\libobs.dir\debug\config-file.obj
d:\obs\build5\libobs\libobs.dir\debug\bmem.obj
d:\obs\build5\libobs\libobs.dir\debug\cf-lexer.obj
d:\obs\build5\libobs\libobs.dir\debug\platform.obj
d:\obs\build5\libobs\libobs.dir\debug\base.obj
d:\obs\build5\libobs\libobs.dir\debug\array-serializer.obj
d:\obs\build5\libobs\libobs.dir\debug\media-remux.obj
d:\obs\build5\libobs\libobs.dir\debug\video-scaler-ffmpeg.obj
d:\obs\build5\libobs\libobs.dir\debug\audio-resampler-ffmpeg.obj
d:\obs\build5\libobs\libobs.dir\debug\format-conversion.obj
d:\obs\build5\libobs\libobs.dir\debug\video-frame.obj
d:\obs\build5\libobs\libobs.dir\debug\audio-io.obj
d:\obs\build5\libobs\libobs.dir\debug\video-matrices.obj
d:\obs\build5\libobs\libobs.dir\debug\video-fourcc.obj
d:\obs\build5\libobs\libobs.dir\debug\video-io.obj
d:\obs\build5\libobs\libobs.dir\debug\graphics-imports.obj
d:\obs\build5\libobs\libobs.dir\debug\obs-video.obj
d:\obs\build5\libobs\libobs.dir\debug\obs-scene.obj
d:\obs\build5\libobs\libobs.dir\debug\obs-view.obj
d:\obs\build5\libobs\libobs.dir\debug\obs-display.obj
d:\obs\build5\libobs\libobs.dir\debug\obs-module.obj
d:\obs\build5\libobs\libobs.dir\debug\obs-data.obj
d:\obs\build5\libobs\libobs.dir\debug\obs-properties.obj
d:\obs\build5\libobs\libobs.dir\debug\obs.obj
d:\obs\build5\libobs\libobs.dir\debug\obs-output.obj
d:\obs\build5\libobs\libobs.dir\debug\obs-source.obj
d:\obs\build5\libobs\libobs.dir\debug\obs-service.obj
d:\obs\build5\libobs\libobs.dir\debug\obs-encoder.obj
d:\obs\build5\libobs\libobs.dir\debug\obs-avc.obj
d:\obs\build5\libobs\libobs.dir\debug\platform-windows.obj
d:\obs\build5\libobs\libobs.dir\debug\threading-windows.obj
d:\obs\build5\libobs\libobs.dir\debug\obs-windows.obj
d:\obs\build5\libobs\libobs.dir\debug\cf-parser.obj
d:\obs\build5\libobs\cmakefiles\generate.stamp
d:\obs\build5\libobs\debug\obs.lib
d:\obs\build5\libobs\debug\obs.exp
d:\obs\build5\libobs\debug\obs.ilk
d:\obs\build5\libobs\debug\obs.dll
d:\obs\build5\libobs\debug\obs.pdb
d:\obs\build5\libobs\libobs.dir\debug\libobs.tlog\cl.command.1.tlog
d:\obs\build5\libobs\libobs.dir\debug\libobs.tlog\cl.read.1.tlog
d:\obs\build5\libobs\libobs.dir\debug\libobs.tlog\cl.write.1.tlog
d:\obs\build5\libobs\libobs.dir\debug\libobs.tlog\custombuild.command.1.tlog
d:\obs\build5\libobs\libobs.dir\debug\libobs.tlog\custombuild.read.1.tlog
d:\obs\build5\libobs\libobs.dir\debug\libobs.tlog\custombuild.write.1.tlog
d:\obs\build5\libobs\libobs.dir\debug\libobs.tlog\libobs.write.1u.tlog
d:\obs\build5\libobs\libobs.dir\debug\libobs.tlog\link.command.1.tlog
d:\obs\build5\libobs\libobs.dir\debug\libobs.tlog\link.read.1.tlog
d:\obs\build5\libobs\libobs.dir\debug\libobs.tlog\link.write.1.tlog
