d:\obs\build5\obs\obs.dir\debug\vc120.pdb
d:\obs\build5\obs\obs.dir\debug\obs_automoc.obj
d:\obs\build5\obs\obs.dir\debug\qrc_obs.obj
d:\obs\build5\obs\obs.dir\debug\qt-wrappers.obj
d:\obs\build5\obs\obs.dir\debug\volume-control.obj
d:\obs\build5\obs\obs.dir\debug\properties-view.obj
d:\obs\build5\obs\obs.dir\debug\window-remux.obj
d:\obs\build5\obs\obs.dir\debug\window-log-reply.obj
d:\obs\build5\obs\obs.dir\debug\window-namedialog.obj
d:\obs\build5\obs\obs.dir\debug\window-basic-preview.obj
d:\obs\build5\obs\obs.dir\debug\window-basic-transform.obj
d:\obs\build5\obs\obs.dir\debug\window-basic-status-bar.obj
d:\obs\build5\obs\obs.dir\debug\window-license-agreement.obj
d:\obs\build5\obs\obs.dir\debug\window-basic-source-select.obj
d:\obs\build5\obs\obs.dir\debug\window-basic-properties.obj
d:\obs\build5\obs\obs.dir\debug\window-basic-interaction.obj
d:\obs\build5\obs\obs.dir\debug\window-basic-settings.obj
d:\obs\build5\obs\obs.dir\debug\window-basic-main.obj
d:\obs\build5\obs\obs.dir\debug\obs-app.obj
d:\obs\build5\obs\obs.dir\debug\platform-windows.obj
d:\obs\build5\obs\cmakefiles\generate.stamp
d:\obs\build5\obs\ui_namedialog.h
d:\obs\build5\obs\ui_obslicenseagreement.h
d:\obs\build5\obs\ui_obslogreply.h
d:\obs\build5\obs\ui_obsbasic.h
d:\obs\build5\obs\ui_obsbasictransform.h
d:\obs\build5\obs\ui_obsbasicsettings.h
d:\obs\build5\obs\ui_obsbasicsourceselect.h
d:\obs\build5\obs\ui_obsbasicinteraction.h
d:\obs\build5\obs\ui_obsbasicproperties.h
d:\obs\build5\obs\ui_obsremux.h
d:\obs\build5\obs\qrc_obs.cpp
d:\obs\build5\obs\debug\obs64.ilk
d:\obs\build5\obs\debug\obs64.exe
d:\obs\build5\obs\debug\obs64.pdb
d:\obs\build5\obs\obs.dir\debug\obs.tlog\cl.command.1.tlog
d:\obs\build5\obs\obs.dir\debug\obs.tlog\cl.read.1.tlog
d:\obs\build5\obs\obs.dir\debug\obs.tlog\cl.write.1.tlog
d:\obs\build5\obs\obs.dir\debug\obs.tlog\custombuild.command.1.tlog
d:\obs\build5\obs\obs.dir\debug\obs.tlog\custombuild.read.1.tlog
d:\obs\build5\obs\obs.dir\debug\obs.tlog\custombuild.write.1.tlog
d:\obs\build5\obs\obs.dir\debug\obs.tlog\link.command.1.tlog
d:\obs\build5\obs\obs.dir\debug\obs.tlog\link.read.1.tlog
d:\obs\build5\obs\obs.dir\debug\obs.tlog\link.write.1.tlog
