d:\obs\build5\plugins\rtmp-services\rtmp-services.dir\debug\vc120.pdb
d:\obs\build5\plugins\rtmp-services\rtmp-services.dir\debug\rtmp-services-main.obj
d:\obs\build5\plugins\rtmp-services\rtmp-services.dir\debug\rtmp-custom.obj
d:\obs\build5\plugins\rtmp-services\rtmp-services.dir\debug\rtmp-common.obj
d:\obs\build5\plugins\rtmp-services\cmakefiles\generate.stamp
d:\obs\build5\plugins\rtmp-services\debug\rtmp-services.ilk
d:\obs\build5\plugins\rtmp-services\debug\rtmp-services.dll
d:\obs\build5\plugins\rtmp-services\debug\rtmp-services.pdb
d:\obs\build5\plugins\rtmp-services\debug\rtmp-services.lib
d:\obs\build5\plugins\rtmp-services\debug\rtmp-services.exp
d:\obs\build5\plugins\rtmp-services\rtmp-services.dir\debug\rtmp-services.tlog\cl.command.1.tlog
d:\obs\build5\plugins\rtmp-services\rtmp-services.dir\debug\rtmp-services.tlog\cl.read.1.tlog
d:\obs\build5\plugins\rtmp-services\rtmp-services.dir\debug\rtmp-services.tlog\cl.write.1.tlog
d:\obs\build5\plugins\rtmp-services\rtmp-services.dir\debug\rtmp-services.tlog\custombuild.command.1.tlog
d:\obs\build5\plugins\rtmp-services\rtmp-services.dir\debug\rtmp-services.tlog\custombuild.read.1.tlog
d:\obs\build5\plugins\rtmp-services\rtmp-services.dir\debug\rtmp-services.tlog\custombuild.write.1.tlog
d:\obs\build5\plugins\rtmp-services\rtmp-services.dir\debug\rtmp-services.tlog\link.command.1.tlog
d:\obs\build5\plugins\rtmp-services\rtmp-services.dir\debug\rtmp-services.tlog\link.read.1.tlog
d:\obs\build5\plugins\rtmp-services\rtmp-services.dir\debug\rtmp-services.tlog\link.write.1.tlog
d:\obs\build5\plugins\rtmp-services\rtmp-services.dir\debug\rtmp-services.tlog\rtmp-services.write.1u.tlog
