d:\obs\build5\plugins\win-dshow\win-dshow.dir\debug\vc120.pdb
d:\obs\build5\plugins\win-dshow\win-dshow.dir\debug\log.obj
d:\obs\build5\plugins\win-dshow\win-dshow.dir\debug\dshow-encoded-device.obj
d:\obs\build5\plugins\win-dshow\win-dshow.dir\debug\dshow-media-type.obj
d:\obs\build5\plugins\win-dshow\win-dshow.dir\debug\dshow-formats.obj
d:\obs\build5\plugins\win-dshow\win-dshow.dir\debug\dshow-enum.obj
d:\obs\build5\plugins\win-dshow\win-dshow.dir\debug\dshow-demux.obj
d:\obs\build5\plugins\win-dshow\win-dshow.dir\debug\dshow-base.obj
d:\obs\build5\plugins\win-dshow\win-dshow.dir\debug\device.obj
d:\obs\build5\plugins\win-dshow\win-dshow.dir\debug\dshowcapture.obj
d:\obs\build5\plugins\win-dshow\win-dshow.dir\debug\capture-filter.obj
d:\obs\build5\plugins\win-dshow\win-dshow.dir\debug\win-dshow.obj
d:\obs\build5\plugins\win-dshow\win-dshow.dir\debug\ffmpeg-decode.obj
d:\obs\build5\plugins\win-dshow\cmakefiles\generate.stamp
d:\obs\build5\plugins\win-dshow\debug\win-dshow.ilk
d:\obs\build5\plugins\win-dshow\debug\win-dshow.dll
d:\obs\build5\plugins\win-dshow\debug\win-dshow.pdb
d:\obs\build5\plugins\win-dshow\debug\win-dshow.lib
d:\obs\build5\plugins\win-dshow\debug\win-dshow.exp
d:\obs\build5\plugins\win-dshow\win-dshow.dir\debug\win-dshow.tlog\cl.command.1.tlog
d:\obs\build5\plugins\win-dshow\win-dshow.dir\debug\win-dshow.tlog\cl.read.1.tlog
d:\obs\build5\plugins\win-dshow\win-dshow.dir\debug\win-dshow.tlog\cl.write.1.tlog
d:\obs\build5\plugins\win-dshow\win-dshow.dir\debug\win-dshow.tlog\custombuild.command.1.tlog
d:\obs\build5\plugins\win-dshow\win-dshow.dir\debug\win-dshow.tlog\custombuild.read.1.tlog
d:\obs\build5\plugins\win-dshow\win-dshow.dir\debug\win-dshow.tlog\custombuild.write.1.tlog
d:\obs\build5\plugins\win-dshow\win-dshow.dir\debug\win-dshow.tlog\link.command.1.tlog
d:\obs\build5\plugins\win-dshow\win-dshow.dir\debug\win-dshow.tlog\link.read.1.tlog
d:\obs\build5\plugins\win-dshow\win-dshow.dir\debug\win-dshow.tlog\link.write.1.tlog
d:\obs\build5\plugins\win-dshow\win-dshow.dir\debug\win-dshow.tlog\win-dshow.write.1u.tlog
