d:\obs\build5\deps\jansson\jansson.dir\debug\vc120.pdb
d:\obs\build5\deps\jansson\jansson.dir\debug\value.obj
d:\obs\build5\deps\jansson\jansson.dir\debug\utf.obj
d:\obs\build5\deps\jansson\jansson.dir\debug\strconv.obj
d:\obs\build5\deps\jansson\jansson.dir\debug\strbuffer.obj
d:\obs\build5\deps\jansson\jansson.dir\debug\pack_unpack.obj
d:\obs\build5\deps\jansson\jansson.dir\debug\memory.obj
d:\obs\build5\deps\jansson\jansson.dir\debug\load.obj
d:\obs\build5\deps\jansson\jansson.dir\debug\hashtable.obj
d:\obs\build5\deps\jansson\jansson.dir\debug\error.obj
d:\obs\build5\deps\jansson\jansson.dir\debug\dump.obj
d:\obs\build5\deps\jansson\cmakefiles\generate.stamp
d:\obs\build5\deps\jansson\lib\debug\jansson_d.lib
d:\obs\build5\deps\jansson\jansson.dir\debug\jansson.tlog\cl.command.1.tlog
d:\obs\build5\deps\jansson\jansson.dir\debug\jansson.tlog\cl.read.1.tlog
d:\obs\build5\deps\jansson\jansson.dir\debug\jansson.tlog\cl.write.1.tlog
d:\obs\build5\deps\jansson\jansson.dir\debug\jansson.tlog\custombuild.command.1.tlog
d:\obs\build5\deps\jansson\jansson.dir\debug\jansson.tlog\custombuild.read.1.tlog
d:\obs\build5\deps\jansson\jansson.dir\debug\jansson.tlog\custombuild.write.1.tlog
d:\obs\build5\deps\jansson\jansson.dir\debug\jansson.tlog\lib-link.read.1.tlog
d:\obs\build5\deps\jansson\jansson.dir\debug\jansson.tlog\lib-link.write.1.tlog
d:\obs\build5\deps\jansson\jansson.dir\debug\jansson.tlog\lib.command.1.tlog
