d:\obs\build5\cmakefiles\generate.stamp
d:\obs\build5\deps\cmakefiles\generate.stamp
d:\obs\build5\deps\w32-pthreads\cmakefiles\generate.stamp
d:\obs\build5\deps\glad\cmakefiles\generate.stamp
d:\obs\build5\deps\jansson\cmakefiles\generate.stamp
d:\obs\build5\libobs\cmakefiles\generate.stamp
d:\obs\build5\libobs-d3d11\cmakefiles\generate.stamp
d:\obs\build5\libobs-d3d9\cmakefiles\generate.stamp
d:\obs\build5\libobs-opengl\cmakefiles\generate.stamp
d:\obs\build5\obs\cmakefiles\generate.stamp
d:\obs\build5\plugins\cmakefiles\generate.stamp
d:\obs\build5\plugins\win-wasapi\cmakefiles\generate.stamp
d:\obs\build5\plugins\win-dshow\cmakefiles\generate.stamp
d:\obs\build5\plugins\win-capture\cmakefiles\generate.stamp
d:\obs\build5\plugins\image-source\cmakefiles\generate.stamp
d:\obs\build5\plugins\obs-x264\cmakefiles\generate.stamp
d:\obs\build5\plugins\obs-libfdk\cmakefiles\generate.stamp
d:\obs\build5\plugins\obs-ffmpeg\cmakefiles\generate.stamp
d:\obs\build5\plugins\obs-outputs\cmakefiles\generate.stamp
d:\obs\build5\plugins\rtmp-services\cmakefiles\generate.stamp
d:\obs\build5\plugins\text-freetype2\cmakefiles\generate.stamp
d:\obs\build5\test\cmakefiles\generate.stamp
d:\obs\build5\test\test-input\cmakefiles\generate.stamp
d:\obs\build5\test\win\cmakefiles\generate.stamp
d:\obs\build5\cmake\helper_subdir\cmakefiles\generate.stamp
d:\obs\build5\x64\debug\zero_check\zero_check.tlog\custombuild.command.1.tlog
d:\obs\build5\x64\debug\zero_check\zero_check.tlog\custombuild.read.1.tlog
d:\obs\build5\x64\debug\zero_check\zero_check.tlog\custombuild.write.1.tlog
